<?xml version="1.0" encoding="UTF-8"?>
<!-- Generated by org.testng.reporters.JUnitXMLReporter -->
<testsuite hostname="Dhamo" ignored="2" name="Default test" tests="1" failures="0" timestamp="23 Mar 2019 06:31:06 GMT" time="116.48" errors="0">
  <testcase name="verifyMenSubCategoryLinks" time="90.361" classname="tests.SmokeTest01"/>
  <testcase name="verifyMenListingPage" time="0.0" classname="tests.SmokeTest01">
    <ignored/>
  </testcase> <!-- verifyMenListingPage -->
  <testcase name="verifyHeaderElements" time="0.0" classname="tests.SmokeTest01">
    <ignored/>
  </testcase> <!-- verifyHeaderElements -->
</testsuite> <!-- Default test -->
